#
# There is insufficient memory for the Java Runtime Environment to continue.
# Native memory allocation (malloc) failed to allocate 1048576 bytes. Error detail: AllocateHeap
# Possible reasons:
#   The system is out of physical RAM or swap space
#   This process is running with CompressedOops enabled, and the Java Heap may be blocking the growth of the native heap
# Possible solutions:
#   Reduce memory load on the system
#   Increase physical memory or swap space
#   Check if swap backing store is full
#   Decrease Java heap size (-Xmx/-Xms)
#   Decrease number of Java threads
#   Decrease Java thread stack sizes (-Xss)
#   Set larger code cache with -XX:ReservedCodeCacheSize=
#   JVM is running with Unscaled Compressed Oops mode in which the Java heap is
#     placed in the first 4GB address space. The Java Heap base address is the
#     maximum limit for the native heap growth. Please use -XX:HeapBaseMinAddress
#     to set the Java Heap base and to place the Java Heap above 4GB virtual address.
# This output file may be truncated or incomplete.
#
#  Out of Memory Error (allocation.cpp:44), pid=12080, tid=18708
#
# JRE version:  (21.0.9+10) (build )
# Java VM: OpenJDK 64-Bit Server VM (21.0.9+10-LTS, mixed mode, tiered, compressed oops, compressed class ptrs, parallel gc, windows-amd64)
# No core dump will be written. Minidumps are not enabled by default on client versions of Windows
#

---------------  S U M M A R Y ------------

Command Line: --add-modules=ALL-SYSTEM --add-opens=java.base/java.util=ALL-UNNAMED --add-opens=java.base/java.lang=ALL-UNNAMED --add-opens=java.base/sun.nio.fs=ALL-UNNAMED -Declipse.application=org.eclipse.jdt.ls.core.id1 -Dosgi.bundles.defaultStartLevel=4 -Declipse.product=org.eclipse.jdt.ls.core.product -Djava.import.generatesMetadataFilesAtProjectRoot=false -DDetectVMInstallationsJob.disabled=true -Dfile.encoding=utf8 -XX:+UseParallelGC -XX:GCTimeRatio=4 -XX:AdaptiveSizePolicyWeight=90 -Dsun.zip.disableMemoryMapping=true -Xmx2G -Xms100m -Xlog:disable -javaagent:c:\Users\pvenk\.vscode\extensions\redhat.java-1.50.0-win32-x64\lombok\lombok-1.18.39-4050.jar -XX:+HeapDumpOnOutOfMemoryError -XX:HeapDumpPath=c:\Users\pvenk\AppData\Roaming\Code\User\workspaceStorage\ccc0809c6333523e8707d91d0ef9d820\redhat.java -Daether.dependencyCollector.impl=bf c:\Users\pvenk\.vscode\extensions\redhat.java-1.50.0-win32-x64\server\plugins\org.eclipse.equinox.launcher_1.7.100.v20251111-0406.jar -configuration c:\Users\pvenk\AppData\Roaming\Code\User\globalStorage\redhat.java\1.50.0\config_win -data c:\Users\pvenk\AppData\Roaming\Code\User\workspaceStorage\ccc0809c6333523e8707d91d0ef9d820\redhat.java\jdt_ws --pipe=\\.\pipe\lsp-2055d79efd61044c125f33d13c7e5c31-sock

Host: 12th Gen Intel(R) Core(TM) i5-1235U, 12 cores, 7G,  Windows 11 , 64 bit Build 26100 (10.0.26100.7019)
Time: Sat Nov 29 09:16:53 2025 India Standard Time elapsed time: 5.662722 seconds (0d 0h 0m 5s)

---------------  T H R E A D  ---------------

Current thread (0x00000282f62df440):  JavaThread "Unknown thread" [_thread_in_vm, id=18708, stack(0x000000cac4600000,0x000000cac4700000) (1024K)]

Stack: [0x000000cac4600000,0x000000cac4700000]
Native frames: (J=compiled Java code, j=interpreted, Vv=VM code, C=native code)
V  [jvm.dll+0x6d6e29]
V  [jvm.dll+0x8b4b76]
V  [jvm.dll+0x8b712e]
V  [jvm.dll+0x8b7813]
V  [jvm.dll+0x283d86]
V  [jvm.dll+0xc1277]
V  [jvm.dll+0x70adf2]
V  [jvm.dll+0x70bb2c]
V  [jvm.dll+0x6e59c3]
V  [jvm.dll+0x87e58c]
V  [jvm.dll+0x3c42fc]
V  [jvm.dll+0x86727b]
V  [jvm.dll+0x457391]
V  [jvm.dll+0x458f81]
C  [jli.dll+0x52d0]
C  [ucrtbase.dll+0x37b0]
C  [KERNEL32.DLL+0x2e8d7]
C  [ntdll.dll+0x8c53c]


---------------  P R O C E S S  ---------------

Threads class SMR info:
_java_thread_list=0x00000282f6306c40, length=1, elements={
0x00000282f62df440
}

Java Threads: ( => current thread )
=>0x00000282f62df440 JavaThread "Unknown thread"             [_thread_in_vm, id=18708, stack(0x000000cac4600000,0x000000cac4700000) (1024K)]
Total: 1

Other Threads:
  0x000002828f0dca00 WatcherThread "VM Periodic Task Thread"        [id=5916, stack(0x000000cac4800000,0x000000cac4900000) (1024K)]
  0x00000282f62fc900 WorkerThread "GC Thread#0"                     [id=19652, stack(0x000000cac4700000,0x000000cac4800000) (1024K)]
Total: 2

Threads with active compile tasks:
Total: 0

VM state: not at safepoint (normal execution)

VM Mutex/Monitor currently owned by a thread: None

Heap address: 0x0000000080000000, size: 2048 MB, Compressed Oops mode: 32-bit

CDS archive(s) not mapped
Compressed class space mapped at: 0x0000000100000000-0x0000000140000000, reserved size: 1073741824
Narrow klass base: 0x0000000000000000, Narrow klass shift: 3, Narrow klass range: 0x140000000

GC Precious Log:
 CardTable entry size: 512
 CPUs: 12 total, 12 available
 Memory: 7876M
 Large Page Support: Disabled
 NUMA Support: Disabled
 Compressed Oops: Enabled (32-bit)
 Alignments: Space 512K, Generation 512K, Heap 2M
 Heap Min Capacity: 100M
 Heap Initial Capacity: 100M
 Heap Max Capacity: 2G
 Pre-touch: Disabled
 Parallel Workers: 10

Heap:
 PSYoungGen      total 29696K, used 512K [0x00000000d5580000, 0x00000000d7680000, 0x0000000100000000)
  eden space 25600K, 2% used [0x00000000d5580000,0x00000000d5600070,0x00000000d6e80000)
  from space 4096K, 0% used [0x00000000d7280000,0x00000000d7280000,0x00000000d7680000)
  to   space 4096K, 0% used [0x00000000d6e80000,0x00000000d6e80000,0x00000000d7280000)
 ParOldGen       total 68608K, used 0K [0x0000000080000000, 0x0000000084300000, 0x00000000d5580000)
  object space 68608K, 0% used [0x0000000080000000,0x0000000080000000,0x0000000084300000)
 Metaspace       used 1394K, committed 1472K, reserved 1114112K
  class space    used 111K, committed 128K, reserved 1048576K

Card table byte_map: [0x00000282f5c90000,0x00000282f60a0000] _byte_map_base: 0x00000282f5890000

Marking Bits: (ParMarkBitMap*) 0x00007ffeaf942460
 Begin Bits: [0x00000282f9790000, 0x00000282fb790000)
 End Bits:   [0x00000282fb790000, 0x00000282fd790000)

Polling page: 0x00000282f4550000

Metaspace:

Usage:
  Non-class:      1.25 MB used.
      Class:    111.93 KB used.
       Both:      1.36 MB used.

Virtual space:
  Non-class space:       64.00 MB reserved,       1.31 MB (  2%) committed,  1 nodes.
      Class space:        1.00 GB reserved,     128.00 KB ( <1%) committed,  1 nodes.
             Both:        1.06 GB reserved,       1.44 MB ( <1%) committed. 

Chunk freelists:
   Non-Class:  12.00 MB
       Class:  15.75 MB
        Both:  27.75 MB

MaxMetaspaceSize: unlimited
CompressedClassSpaceSize: 1.00 GB
Initial GC threshold: 21.00 MB
Current GC threshold: 17179869184.00 GB
CDS: off
 - commit_granule_bytes: 65536.
 - commit_granule_words: 8192.
 - virtual_space_node_default_size: 8388608.
 - enlarge_chunks_in_place: 1.
 - use_allocation_guard: 0.


Internal statistics:

num_allocs_failed_limit: 0.
num_arena_births: 2.
num_arena_deaths: 0.
num_vsnodes_births: 2.
num_vsnodes_deaths: 0.
num_space_committed: 23.
num_space_uncommitted: 0.
num_chunks_returned_to_freelist: 0.
num_chunks_taken_from_freelist: 3.
num_chunk_merges: 0.
num_chunk_splits: 2.
num_chunks_enlarged: 0.
num_inconsistent_stats: 0.

CodeHeap 'non-profiled nmethods': size=120000Kb used=0Kb max_used=0Kb free=120000Kb
 bounds [0x0000028287ad0000, 0x0000028287d40000, 0x000002828f000000]
CodeHeap 'profiled nmethods': size=120000Kb used=0Kb max_used=0Kb free=120000Kb
 bounds [0x0000028280000000, 0x0000028280270000, 0x0000028287530000]
CodeHeap 'non-nmethods': size=5760Kb used=194Kb max_used=342Kb free=5565Kb
 bounds [0x0000028287530000, 0x00000282877a0000, 0x0000028287ad0000]
CodeCache: size=245760Kb, used=194Kb, max_used=342Kb, free=245565Kb
 total_blobs=70, nmethods=0, adapters=48, full_count=0
Compilation: enabled, stopped_count=0, restarted_count=0

Compilation events (0 events):
No events

GC Heap History (0 events):
No events

Dll operation events (2 events):
Event: 0.060 Loaded shared library c:\Users\pvenk\.vscode\extensions\redhat.java-1.50.0-win32-x64\jre\21.0.9-win32-x86_64\bin\java.dll
Event: 3.570 Loaded shared library c:\Users\pvenk\.vscode\extensions\redhat.java-1.50.0-win32-x64\jre\21.0.9-win32-x86_64\bin\zip.dll

Deoptimization events (0 events):
No events

Classes loaded (20 events):
Event: 4.651 Loading class java/util/Iterator
Event: 4.651 Loading class java/util/Iterator done
Event: 4.651 Loading class java/lang/reflect/RecordComponent
Event: 4.651 Loading class java/lang/reflect/RecordComponent done
Event: 4.651 Loading class jdk/internal/vm/vector/VectorSupport
Event: 4.652 Loading class jdk/internal/vm/vector/VectorSupport done
Event: 4.652 Loading class jdk/internal/vm/vector/VectorSupport$VectorPayload
Event: 4.652 Loading class jdk/internal/vm/vector/VectorSupport$VectorPayload done
Event: 4.652 Loading class jdk/internal/vm/vector/VectorSupport$Vector
Event: 4.652 Loading class jdk/internal/vm/vector/VectorSupport$Vector done
Event: 4.652 Loading class jdk/internal/vm/vector/VectorSupport$VectorMask
Event: 4.652 Loading class jdk/internal/vm/vector/VectorSupport$VectorMask done
Event: 4.652 Loading class jdk/internal/vm/vector/VectorSupport$VectorShuffle
Event: 4.652 Loading class jdk/internal/vm/vector/VectorSupport$VectorShuffle done
Event: 4.652 Loading class jdk/internal/vm/FillerObject
Event: 4.652 Loading class jdk/internal/vm/FillerObject done
Event: 4.659 Loading class java/lang/NullPointerException
Event: 4.660 Loading class java/lang/NullPointerException done
Event: 4.660 Loading class java/lang/ArithmeticException
Event: 4.660 Loading class java/lang/ArithmeticException done

Classes unloaded (0 events):
No events

Classes redefined (0 events):
No events

Internal exceptions (0 events):
No events

ZGC Phase Switch (0 events):
No events

VM Operations (0 events):
No events

Memory protections (0 events):
No events

Nmethod flushes (0 events):
No events

Events (1 events):
Event: 3.559 Thread 0x00000282f62df440 Thread added: 0x00000282f62df440


Dynamic libraries:
0x00007ff740e60000 - 0x00007ff740e6e000 	c:\Users\pvenk\.vscode\extensions\redhat.java-1.50.0-win32-x64\jre\21.0.9-win32-x86_64\bin\java.exe
0x00007fff31f60000 - 0x00007fff321c8000 	C:\WINDOWS\SYSTEM32\ntdll.dll
0x00007fff30bb0000 - 0x00007fff30c79000 	C:\WINDOWS\System32\KERNEL32.DLL
0x00007fff2f4f0000 - 0x00007fff2f8e8000 	C:\WINDOWS\System32\KERNELBASE.dll
0x00007fff2f0b0000 - 0x00007fff2f1fb000 	C:\WINDOWS\System32\ucrtbase.dll
0x00007fff1b6c0000 - 0x00007fff1b6de000 	c:\Users\pvenk\.vscode\extensions\redhat.java-1.50.0-win32-x64\jre\21.0.9-win32-x86_64\bin\VCRUNTIME140.dll
0x00007fff13cd0000 - 0x00007fff13ce8000 	c:\Users\pvenk\.vscode\extensions\redhat.java-1.50.0-win32-x64\jre\21.0.9-win32-x86_64\bin\jli.dll
0x00007fff316f0000 - 0x00007fff318b7000 	C:\WINDOWS\System32\USER32.dll
0x00007fff2faf0000 - 0x00007fff2fb17000 	C:\WINDOWS\System32\win32u.dll
0x00007fff31ef0000 - 0x00007fff31f1b000 	C:\WINDOWS\System32\GDI32.dll
0x00007fff2fb20000 - 0x00007fff2fc4c000 	C:\WINDOWS\System32\gdi32full.dll
0x00007fff2fa40000 - 0x00007fff2fae3000 	C:\WINDOWS\System32\msvcp_win.dll
0x00007fff0fc40000 - 0x00007fff0fed4000 	C:\WINDOWS\WinSxS\amd64_microsoft.windows.common-controls_6595b64144ccf1df_6.0.26100.7019_none_3e06ffa0e335b8a8\COMCTL32.dll
0x00007fff2ff20000 - 0x00007fff2ffc9000 	C:\WINDOWS\System32\msvcrt.dll
0x00007fff319a0000 - 0x00007fff319d1000 	C:\WINDOWS\System32\IMM32.DLL
0x00007fff11b00000 - 0x00007fff11b0c000 	c:\Users\pvenk\.vscode\extensions\redhat.java-1.50.0-win32-x64\jre\21.0.9-win32-x86_64\bin\vcruntime140_1.dll
0x00007ffed53c0000 - 0x00007ffed544d000 	c:\Users\pvenk\.vscode\extensions\redhat.java-1.50.0-win32-x64\jre\21.0.9-win32-x86_64\bin\msvcp140.dll
0x00007ffeaec80000 - 0x00007ffeafa20000 	c:\Users\pvenk\.vscode\extensions\redhat.java-1.50.0-win32-x64\jre\21.0.9-win32-x86_64\bin\server\jvm.dll
0x00007fff31500000 - 0x00007fff315b4000 	C:\WINDOWS\System32\ADVAPI32.dll
0x00007fff31c40000 - 0x00007fff31ce6000 	C:\WINDOWS\System32\sechost.dll
0x00007fff315c0000 - 0x00007fff316d8000 	C:\WINDOWS\System32\RPCRT4.dll
0x00007fff30330000 - 0x00007fff303a4000 	C:\WINDOWS\System32\WS2_32.dll
0x00007fff2ef10000 - 0x00007fff2ef6e000 	C:\WINDOWS\SYSTEM32\POWRPROF.dll
0x00007fff2c3c0000 - 0x00007fff2c3f5000 	C:\WINDOWS\SYSTEM32\WINMM.dll
0x00007fff1be70000 - 0x00007fff1be7b000 	C:\WINDOWS\SYSTEM32\VERSION.dll
0x00007fff2eef0000 - 0x00007fff2ef04000 	C:\WINDOWS\SYSTEM32\UMPDC.dll
0x00007fff2de70000 - 0x00007fff2de8b000 	C:\WINDOWS\SYSTEM32\kernel.appcore.dll
0x00007fff114a0000 - 0x00007fff114aa000 	c:\Users\pvenk\.vscode\extensions\redhat.java-1.50.0-win32-x64\jre\21.0.9-win32-x86_64\bin\jimage.dll
0x00007fff2c880000 - 0x00007fff2cac2000 	C:\WINDOWS\SYSTEM32\DBGHELP.DLL
0x00007fff31170000 - 0x00007fff314fb000 	C:\WINDOWS\System32\combase.dll
0x00007fff2fd30000 - 0x00007fff2fe07000 	C:\WINDOWS\System32\OLEAUT32.dll
0x00007fff0eba0000 - 0x00007fff0ebdc000 	C:\WINDOWS\SYSTEM32\dbgcore.DLL
0x00007fff2fc50000 - 0x00007fff2fcf5000 	C:\WINDOWS\System32\bcryptPrimitives.dll
0x00007fff113d0000 - 0x00007fff113df000 	c:\Users\pvenk\.vscode\extensions\redhat.java-1.50.0-win32-x64\jre\21.0.9-win32-x86_64\bin\instrument.dll
0x00007ffeedc20000 - 0x00007ffeedc40000 	c:\Users\pvenk\.vscode\extensions\redhat.java-1.50.0-win32-x64\jre\21.0.9-win32-x86_64\bin\java.dll
0x00007ffeed3f0000 - 0x00007ffeed408000 	c:\Users\pvenk\.vscode\extensions\redhat.java-1.50.0-win32-x64\jre\21.0.9-win32-x86_64\bin\zip.dll

JVMTI agents:
c:\Users\pvenk\.vscode\extensions\redhat.java-1.50.0-win32-x64\lombok\lombok-1.18.39-4050.jar path:none, loaded, not initialized, instrumentlib options:none

dbghelp: loaded successfully - version: 4.0.5 - missing functions: none
symbol engine: initialized successfully - sym options: 0x614 - pdb path: .;c:\Users\pvenk\.vscode\extensions\redhat.java-1.50.0-win32-x64\jre\21.0.9-win32-x86_64\bin;C:\WINDOWS\SYSTEM32;C:\WINDOWS\WinSxS\amd64_microsoft.windows.common-controls_6595b64144ccf1df_6.0.26100.7019_none_3e06ffa0e335b8a8;c:\Users\pvenk\.vscode\extensions\redhat.java-1.50.0-win32-x64\jre\21.0.9-win32-x86_64\bin\server

VM Arguments:
jvm_args: --add-modules=ALL-SYSTEM --add-opens=java.base/java.util=ALL-UNNAMED --add-opens=java.base/java.lang=ALL-UNNAMED --add-opens=java.base/sun.nio.fs=ALL-UNNAMED -Declipse.application=org.eclipse.jdt.ls.core.id1 -Dosgi.bundles.defaultStartLevel=4 -Declipse.product=org.eclipse.jdt.ls.core.product -Djava.import.generatesMetadataFilesAtProjectRoot=false -DDetectVMInstallationsJob.disabled=true -Dfile.encoding=utf8 -XX:+UseParallelGC -XX:GCTimeRatio=4 -XX:AdaptiveSizePolicyWeight=90 -Dsun.zip.disableMemoryMapping=true -Xmx2G -Xms100m -Xlog:disable -javaagent:c:\Users\pvenk\.vscode\extensions\redhat.java-1.50.0-win32-x64\lombok\lombok-1.18.39-4050.jar -XX:+HeapDumpOnOutOfMemoryError -XX:HeapDumpPath=c:\Users\pvenk\AppData\Roaming\Code\User\workspaceStorage\ccc0809c6333523e8707d91d0ef9d820\redhat.java -Daether.dependencyCollector.impl=bf 
java_command: c:\Users\pvenk\.vscode\extensions\redhat.java-1.50.0-win32-x64\server\plugins\org.eclipse.equinox.launcher_1.7.100.v20251111-0406.jar -configuration c:\Users\pvenk\AppData\Roaming\Code\User\globalStorage\redhat.java\1.50.0\config_win -data c:\Users\pvenk\AppData\Roaming\Code\User\workspaceStorage\ccc0809c6333523e8707d91d0ef9d820\redhat.java\jdt_ws --pipe=\\.\pipe\lsp-2055d79efd61044c125f33d13c7e5c31-sock
java_class_path (initial): c:\Users\pvenk\.vscode\extensions\redhat.java-1.50.0-win32-x64\server\plugins\org.eclipse.equinox.launcher_1.7.100.v20251111-0406.jar
Launcher Type: SUN_STANDARD

[Global flags]
    uintx AdaptiveSizePolicyWeight                 = 90                                        {product} {command line}
     intx CICompilerCount                          = 4                                         {product} {ergonomic}
    uintx GCTimeRatio                              = 4                                         {product} {command line}
     bool HeapDumpOnOutOfMemoryError               = true                                   {manageable} {command line}
    ccstr HeapDumpPath                             = c:\Users\pvenk\AppData\Roaming\Code\User\workspaceStorage\ccc0809c6333523e8707d91d0ef9d820\redhat.java         {manageable} {command line}
   size_t InitialHeapSize                          = 104857600                                 {product} {command line}
   size_t MaxHeapSize                              = 2147483648                                {product} {command line}
   size_t MaxNewSize                               = 715653120                                 {product} {ergonomic}
   size_t MinHeapDeltaBytes                        = 524288                                    {product} {ergonomic}
   size_t MinHeapSize                              = 104857600                                 {product} {command line}
   size_t NewSize                                  = 34603008                                  {product} {ergonomic}
    uintx NonNMethodCodeHeapSize                   = 5839372                                {pd product} {ergonomic}
    uintx NonProfiledCodeHeapSize                  = 122909434                              {pd product} {ergonomic}
   size_t OldSize                                  = 70254592                                  {product} {ergonomic}
    uintx ProfiledCodeHeapSize                     = 122909434                              {pd product} {ergonomic}
    uintx ReservedCodeCacheSize                    = 251658240                              {pd product} {ergonomic}
     bool SegmentedCodeCache                       = true                                      {product} {ergonomic}
   size_t SoftMaxHeapSize                          = 2147483648                             {manageable} {ergonomic}
     bool UseCompressedOops                        = true                           {product lp64_product} {ergonomic}
     bool UseLargePagesIndividualAllocation        = false                                  {pd product} {ergonomic}
     bool UseParallelGC                            = true                                      {product} {command line}

Logging:
Log output configuration:
 #0: stdout all=off uptime,level,tags foldmultilines=false
 #1: stderr all=off uptime,level,tags foldmultilines=false

Release file:
<release file has not been read>
Environment Variables:
JAVA_HOME=C:\Program Files\Java\jdk-24
CLASSPATH=C:\pack1
PATH=C:\Python314\Scripts\;C:\Python314\;C:\Program Files\Common Files\Oracle\Java\javapath;C:\oraclexe\app\oracle\product\10.2.0\server\bin;C:\Program Files\Python37\Scripts\;C:\Program Files\Python37\;C:\Users\pvenk\AppData\Local\Programs\Python\Python312\Scripts\;C:\Users\pvenk\AppData\Local\Programs\Python\Python312\;C:\WINDOWS\system32;C:\WINDOWS;C:\WINDOWS\System32\Wbem;C:\WINDOWS\System32\WindowsPowerShell\v1.0\;C:\WINDOWS\System32\OpenSSH\;C:\Program Files\dotnet\;C:\Users\pvenk\Downloads\kotlin-compiler-1.9.10.zip\kotlinc\bin;C:\kotlinc\bin;C:\MinGW\bin;C:\mad\flutter;C:\Program Files\Git\cmd;C:\mad\flutter\bin;C:\ProgramData\chocolatey\bin;C:\Program Files (x86)\Windows Kits\10\Windows Performance Toolkit\;C:\Program Files\PuTTY\;C:\Program Files\Cloudflare\Cloudflare WARP\;C:\Program Files\MongoDB\Server\6.0\bin;C:\Program Files\nodejs\;C:\Program Files\MySQL\MySQL Shell 8.0\bin\;C:\Users\pvenk\AppData\Local\Microsoft\WindowsApps;C:\Users\pvenk\AppData\Local\Programs\Microsoft VS Code\bin;C:\Users\pvenk\Downloads\VSCodeUserSetup-x64-1.82.2.exe;C:\Users\pvenk\Downloads\kotlin-compiler-1.9.10.zip\kotlinc\bin;C:\kotlinc\bin;C:\Users\pvenk\AppData\Local\GitHubDesktop\bin;C:\Program Files\mongosh\;C:\Users\pvenk\Downloads\apache-maven-3.9.11-bin\apache-maven-3.9.11\bin;C:\Program Files\Java\jdk-24\bin;C:\Users\pvenk\AppData\Roaming\npm
USERNAME=pvenk
OS=Windows_NT
PROCESSOR_IDENTIFIER=Intel64 Family 6 Model 154 Stepping 4, GenuineIntel
TMP=C:\Users\pvenk\AppData\Local\Temp
TEMP=C:\Users\pvenk\AppData\Local\Temp




Periodic native trim disabled

---------------  S Y S T E M  ---------------

OS:
 Windows 11 , 64 bit Build 26100 (10.0.26100.7019)
OS uptime: 0 days 3:30 hours
Hyper-V role detected

CPU: total 12 (initial active 12) (6 cores per cpu, 2 threads per core) family 6 model 154 stepping 4 microcode 0x437, cx8, cmov, fxsr, ht, mmx, 3dnowpref, sse, sse2, sse3, ssse3, sse4.1, sse4.2, popcnt, lzcnt, tsc, tscinvbit, avx, avx2, aes, erms, clmul, bmi1, bmi2, adx, sha, fma, vzeroupper, clflush, clflushopt, clwb, hv, serialize, rdtscp, rdpid, fsrm, f16c, cet_ibt, cet_ss
Processor Information for the first 12 processors :
  Max Mhz: 1300, Current Mhz: 1300, Mhz Limit: 1300

Memory: 4k page, system-wide physical 7876M (840M free)
TotalPageFile size 16068M (AvailPageFile size 2M)
current process WorkingSet (physical memory assigned to process): 18M, peak: 18M
current process commit charge ("private bytes"): 183M, peak: 184M

vm_info: OpenJDK 64-Bit Server VM (21.0.9+10-LTS) for windows-amd64 JRE (21.0.9+10-LTS), built on 2025-10-21T00:00:00Z by "admin" with unknown MS VC++:1942

END.
